<?xml version="1.0" encoding="UTF-8"?>
<testsuite name="com.ceos23.spring_boot.cgv.service.reservation.ReservationServiceTest" tests="9" skipped="0" failures="0" errors="0" timestamp="2026-03-20T09:15:14.771Z" hostname="WIN-BUDD4AR6JU8" time="2.142">
  <properties/>
  <testcase name="예매 생성 실패 - 상영 정보 없음" classname="com.ceos23.spring_boot.cgv.service.reservation.ReservationServiceTest" time="1.967"/>
  <testcase name="예매 생성 실패 - 좌석 요청이 비어있음" classname="com.ceos23.spring_boot.cgv.service.reservation.ReservationServiceTest" time="0.028"/>
  <testcase name="예매 취소 성공" classname="com.ceos23.spring_boot.cgv.service.reservation.ReservationServiceTest" time="0.026"/>
  <testcase name="예매 취소 실패 - 이미 취소된 예매" classname="com.ceos23.spring_boot.cgv.service.reservation.ReservationServiceTest" time="0.014"/>
  <testcase name="예매 취소 실패 - 존재하지 않는 예매" classname="com.ceos23.spring_boot.cgv.service.reservation.ReservationServiceTest" time="0.014"/>
  <testcase name="예매 생성 실패 - 이미 예매된 좌석" classname="com.ceos23.spring_boot.cgv.service.reservation.ReservationServiceTest" time="0.007"/>
  <testcase name="예매 생성 실패 - 요청 좌석 중복" classname="com.ceos23.spring_boot.cgv.service.reservation.ReservationServiceTest" time="0.005"/>
  <testcase name="예매 생성 성공" classname="com.ceos23.spring_boot.cgv.service.reservation.ReservationServiceTest" time="0.018"/>
  <testcase name="예매 생성 실패 - 사용자 없음" classname="com.ceos23.spring_boot.cgv.service.reservation.ReservationServiceTest" time="0.004"/>
  <system-out><![CDATA[]]></system-out>
  <system-err><![CDATA[Mockito is currently self-attaching to enable the inline-mock-maker. This will no longer work in future releases of the JDK. Please add Mockito as an agent to your build as described in Mockito's documentation: https://javadoc.io/doc/org.mockito/mockito-core/latest/org.mockito/org/mockito/Mockito.html#0.3
WARNING: A Java agent has been loaded dynamically (C:\Users\jso25\.gradle\caches\modules-2\files-2.1\net.bytebuddy\byte-buddy-agent\1.17.8\f09415827a71be7ed621c7bd02550678f28bc81c\byte-buddy-agent-1.17.8.jar)
WARNING: If a serviceability tool is in use, please run with -XX:+EnableDynamicAgentLoading to hide this warning
WARNING: If a serviceability tool is not in use, please run with -Djdk.instrument.traceUsage for more information
WARNING: Dynamic loading of agents will be disallowed by default in a future release
]]></system-err>
</testsuite>
